<?xml version="1.0" encoding="UTF-8"?>
<testsuite name="util.StringUtilsTest" tests="1" skipped="0" failures="0" errors="0" timestamp="2021-03-10T19:17:03" hostname="DESKTOP-OK92444" time="0.028">
  <properties/>
  <testcase name="testIsPositiveNumber()" classname="util.StringUtilsTest" time="0.028"/>
  <system-out><![CDATA[]]></system-out>
  <system-err><![CDATA[]]></system-err>
</testsuite>
